{
  "stats": {
    "suites": 0,
    "tests": 1,
    "passes": 0,
    "pending": 0,
    "failures": 1,
    "start": "2023-07-06T12:48:36.161Z",
    "end": "2023-07-06T12:48:44.567Z",
    "duration": 8406,
    "testsRegistered": 1,
    "passPercent": 0,
    "pendingPercent": 0,
    "other": 0,
    "hasOther": false,
    "skipped": 0,
    "hasSkipped": false
  },
  "results": [
    {
      "uuid": "c711e736-8e65-43cb-a33a-7ec5a06071f9",
      "title": "",
      "fullFile": "cypress/integration/addCart.ts",
      "file": "cypress/integration/addCart.ts",
      "beforeHooks": [],
      "afterHooks": [],
      "tests": [
        {
          "title": "Successful Add Product to Cart",
          "fullTitle": "Successful Add Product to Cart",
          "timedOut": null,
          "duration": 6387,
          "state": "failed",
          "speed": null,
          "pass": false,
          "fail": true,
          "pending": false,
          "context": null,
          "code": "loginPage.login(URL, 'problem_user', 'secret_sauce');\nloginPage.assertLogin();\n//dashboardPage.sauceLabsBackpack()\ndashboardPage.addToCart();",
          "err": {
            "message": "AssertionError: Timed out retrying after 4000ms: Expected to find element: `Sauce Labs Backpack`, but never found it.",
            "estack": "AssertionError: Timed out retrying after 4000ms: Expected to find element: `Sauce Labs Backpack`, but never found it.\n    at DashboardPage.addToCart (https://www.saucedemo.com/__cypress/tests?p=cypress\\integration\\addCart.ts:136:45)\n    at Context.eval (https://www.saucedemo.com/__cypress/tests?p=cypress\\integration\\addCart.ts:108:19)",
            "diff": null
          },
          "uuid": "83b847de-5432-4f0a-9243-571d5c80d131",
          "parentUUID": "c711e736-8e65-43cb-a33a-7ec5a06071f9",
          "isHook": false,
          "skipped": false
        }
      ],
      "suites": [],
      "passes": [],
      "failures": [
        "83b847de-5432-4f0a-9243-571d5c80d131"
      ],
      "pending": [],
      "skipped": [],
      "duration": 6387,
      "root": true,
      "rootEmpty": false,
      "_timeout": 2000
    }
  ],
  "meta": {
    "mocha": {
      "version": "7.0.1"
    },
    "mochawesome": {
      "options": {
        "quiet": false,
        "reportFilename": "mochawesome",
        "saveHtml": false,
        "saveJson": true,
        "consoleReporter": "spec",
        "useInlineDiffs": false,
        "code": true
      },
      "version": "7.1.3"
    },
    "marge": {
      "options": {
        "chart": true,
        "overwrite": false,
        "html": false,
        "json": true,
        "reportDir": "cypress/reports"
      },
      "version": "6.2.0"
    }
  }
}