{
  "stats": {
    "suites": 0,
    "tests": 3,
    "passes": 2,
    "pending": 0,
    "failures": 1,
    "start": "2023-07-06T12:34:56.626Z",
    "end": "2023-07-06T12:35:06.897Z",
    "duration": 10271,
    "testsRegistered": 3,
    "passPercent": 66.66666666666666,
    "pendingPercent": 0,
    "other": 0,
    "hasOther": false,
    "skipped": 0,
    "hasSkipped": false
  },
  "results": [
    {
      "uuid": "c80df953-e67f-4edc-b55e-5ee99206aaf2",
      "title": "",
      "fullFile": "cypress/integration/login.ts",
      "file": "cypress/integration/login.ts",
      "beforeHooks": [],
      "afterHooks": [],
      "tests": [
        {
          "title": "Test LOGIN",
          "fullTitle": "Test LOGIN",
          "timedOut": null,
          "duration": 1816,
          "state": "passed",
          "speed": "fast",
          "pass": true,
          "fail": false,
          "pending": false,
          "context": null,
          "code": "loginPage.login(URL, 'standard_user', 'secret_sauce');\nloginPage.assertLogin();",
          "err": {},
          "uuid": "c9bcebaa-3ec1-4dfb-a168-eda9a964c39d",
          "parentUUID": "c80df953-e67f-4edc-b55e-5ee99206aaf2",
          "isHook": false,
          "skipped": false
        },
        {
          "title": "Test Sauce Demo Invalid Password",
          "fullTitle": "Test Sauce Demo Invalid Password",
          "timedOut": null,
          "duration": 973,
          "state": "passed",
          "speed": "fast",
          "pass": true,
          "fail": false,
          "pending": false,
          "context": null,
          "code": "loginPage.login(URL, 'standard_user', 'invalidPass');\nloginPage.assertLoginFail();",
          "err": {},
          "uuid": "d38e2650-84d5-403b-99af-5ab3b70fe158",
          "parentUUID": "c80df953-e67f-4edc-b55e-5ee99206aaf2",
          "isHook": false,
          "skipped": false
        },
        {
          "title": "Test Sauce Demo Sauce labs product backpack",
          "fullTitle": "Test Sauce Demo Sauce labs product backpack",
          "timedOut": null,
          "duration": 5353,
          "state": "failed",
          "speed": null,
          "pass": false,
          "fail": true,
          "pending": false,
          "context": null,
          "code": "loginPage.login(URL, 'standard_user', 'secret_sauce');\nloginPage.assertLogin();\ndashboardPage.sauceLabsBackpack();",
          "err": {
            "message": "AssertionError: Timed out retrying after 4000ms: Expected to find content: '#header_container > div.header_secondary_container > span' but never did.",
            "estack": "AssertionError: Timed out retrying after 4000ms: Expected to find content: '#header_container > div.header_secondary_container > span' but never did.\n    at DashboardPage.sauceLabsBackpack (https://www.saucedemo.com/__cypress/tests?p=cypress\\integration\\login.ts:139:12)\n    at Context.eval (https://www.saucedemo.com/__cypress/tests?p=cypress\\integration\\login.ts:115:19)",
            "diff": null
          },
          "uuid": "f3e62d3b-79e2-4973-bf27-1647fd362d4d",
          "parentUUID": "c80df953-e67f-4edc-b55e-5ee99206aaf2",
          "isHook": false,
          "skipped": false
        }
      ],
      "suites": [],
      "passes": [
        "c9bcebaa-3ec1-4dfb-a168-eda9a964c39d",
        "d38e2650-84d5-403b-99af-5ab3b70fe158"
      ],
      "failures": [
        "f3e62d3b-79e2-4973-bf27-1647fd362d4d"
      ],
      "pending": [],
      "skipped": [],
      "duration": 8142,
      "root": true,
      "rootEmpty": false,
      "_timeout": 2000
    }
  ],
  "meta": {
    "mocha": {
      "version": "7.0.1"
    },
    "mochawesome": {
      "options": {
        "quiet": false,
        "reportFilename": "mochawesome",
        "saveHtml": false,
        "saveJson": true,
        "consoleReporter": "spec",
        "useInlineDiffs": false,
        "code": true
      },
      "version": "7.1.3"
    },
    "marge": {
      "options": {
        "chart": true,
        "overwrite": false,
        "html": false,
        "json": true,
        "reportDir": "cypress/reports"
      },
      "version": "6.2.0"
    }
  }
}