{
  "stats": {
    "suites": 0,
    "tests": 1,
    "passes": 0,
    "pending": 0,
    "failures": 1,
    "start": "2023-07-06T12:34:40.621Z",
    "end": "2023-07-06T12:34:49.631Z",
    "duration": 9010,
    "testsRegistered": 1,
    "passPercent": 0,
    "pendingPercent": 0,
    "other": 0,
    "hasOther": false,
    "skipped": 0,
    "hasSkipped": false
  },
  "results": [
    {
      "uuid": "7fd7e150-a7a1-4bd6-9a94-eeaf09f18753",
      "title": "",
      "fullFile": "cypress/integration/addCart.ts",
      "file": "cypress/integration/addCart.ts",
      "beforeHooks": [],
      "afterHooks": [],
      "tests": [
        {
          "title": "Successful Add Product to Cart",
          "fullTitle": "Successful Add Product to Cart",
          "timedOut": null,
          "duration": 6708,
          "state": "failed",
          "speed": null,
          "pass": false,
          "fail": true,
          "pending": false,
          "context": null,
          "code": "loginPage.login(URL, 'problem_user', 'secret_sauce');\nloginPage.assertLogin();\ndashboardPage.sauceLabsBackpack();\ndashboardPage.addToCart();",
          "err": {
            "message": "AssertionError: Timed out retrying after 4000ms: Expected to find content: '#header_container > div.header_secondary_container > span' but never did.",
            "estack": "AssertionError: Timed out retrying after 4000ms: Expected to find content: '#header_container > div.header_secondary_container > span' but never did.\n    at DashboardPage.sauceLabsBackpack (https://www.saucedemo.com/__cypress/tests?p=cypress\\integration\\addCart.ts:132:12)\n    at Context.eval (https://www.saucedemo.com/__cypress/tests?p=cypress\\integration\\addCart.ts:107:19)",
            "diff": null
          },
          "uuid": "a5329b56-96d1-48bf-8237-86439fb800d7",
          "parentUUID": "7fd7e150-a7a1-4bd6-9a94-eeaf09f18753",
          "isHook": false,
          "skipped": false
        }
      ],
      "suites": [],
      "passes": [],
      "failures": [
        "a5329b56-96d1-48bf-8237-86439fb800d7"
      ],
      "pending": [],
      "skipped": [],
      "duration": 6708,
      "root": true,
      "rootEmpty": false,
      "_timeout": 2000
    }
  ],
  "meta": {
    "mocha": {
      "version": "7.0.1"
    },
    "mochawesome": {
      "options": {
        "quiet": false,
        "reportFilename": "mochawesome",
        "saveHtml": false,
        "saveJson": true,
        "consoleReporter": "spec",
        "useInlineDiffs": false,
        "code": true
      },
      "version": "7.1.3"
    },
    "marge": {
      "options": {
        "chart": true,
        "overwrite": false,
        "html": false,
        "json": true,
        "reportDir": "cypress/reports"
      },
      "version": "6.2.0"
    }
  }
}