{
  "stats": {
    "suites": 0,
    "tests": 1,
    "passes": 1,
    "pending": 0,
    "failures": 0,
    "start": "2023-07-06T12:47:02.781Z",
    "end": "2023-07-06T12:47:07.744Z",
    "duration": 4963,
    "testsRegistered": 1,
    "passPercent": 100,
    "pendingPercent": 0,
    "other": 0,
    "hasOther": false,
    "skipped": 0,
    "hasSkipped": false
  },
  "results": [
    {
      "uuid": "2b2022af-73a9-4737-876f-6e7b420c0069",
      "title": "",
      "fullFile": "cypress/integration/addCart.ts",
      "file": "cypress/integration/addCart.ts",
      "beforeHooks": [],
      "afterHooks": [],
      "tests": [
        {
          "title": "Successful Add Product to Cart",
          "fullTitle": "Successful Add Product to Cart",
          "timedOut": null,
          "duration": 2964,
          "state": "passed",
          "speed": "fast",
          "pass": true,
          "fail": false,
          "pending": false,
          "context": null,
          "code": "loginPage.login(URL, 'problem_user', 'secret_sauce');\nloginPage.assertLogin();\n//dashboardPage.sauceLabsBackpack()\ndashboardPage.addToCart();",
          "err": {},
          "uuid": "924e9363-2a11-4cf5-a016-5cae5b8c328f",
          "parentUUID": "2b2022af-73a9-4737-876f-6e7b420c0069",
          "isHook": false,
          "skipped": false
        }
      ],
      "suites": [],
      "passes": [
        "924e9363-2a11-4cf5-a016-5cae5b8c328f"
      ],
      "failures": [],
      "pending": [],
      "skipped": [],
      "duration": 2964,
      "root": true,
      "rootEmpty": false,
      "_timeout": 2000
    }
  ],
  "meta": {
    "mocha": {
      "version": "7.0.1"
    },
    "mochawesome": {
      "options": {
        "quiet": false,
        "reportFilename": "mochawesome",
        "saveHtml": false,
        "saveJson": true,
        "consoleReporter": "spec",
        "useInlineDiffs": false,
        "code": true
      },
      "version": "7.1.3"
    },
    "marge": {
      "options": {
        "chart": true,
        "overwrite": false,
        "html": false,
        "json": true,
        "reportDir": "cypress/reports"
      },
      "version": "6.2.0"
    }
  }
}