{
  "stats": {
    "suites": 0,
    "tests": 3,
    "passes": 2,
    "pending": 0,
    "failures": 1,
    "start": "2023-07-06T12:47:12.816Z",
    "end": "2023-07-06T12:47:21.394Z",
    "duration": 8578,
    "testsRegistered": 3,
    "passPercent": 66.66666666666666,
    "pendingPercent": 0,
    "other": 0,
    "hasOther": false,
    "skipped": 0,
    "hasSkipped": false
  },
  "results": [
    {
      "uuid": "054f832a-b665-4b95-9db3-e645dd44ea84",
      "title": "",
      "fullFile": "cypress/integration/login.ts",
      "file": "cypress/integration/login.ts",
      "beforeHooks": [],
      "afterHooks": [],
      "tests": [
        {
          "title": "Test LOGIN",
          "fullTitle": "Test LOGIN",
          "timedOut": null,
          "duration": 1266,
          "state": "passed",
          "speed": "fast",
          "pass": true,
          "fail": false,
          "pending": false,
          "context": null,
          "code": "loginPage.login(URL, 'standard_user', 'secret_sauce');\nloginPage.assertLogin();",
          "err": {},
          "uuid": "64c55dce-1207-456c-b456-6685d877eafd",
          "parentUUID": "054f832a-b665-4b95-9db3-e645dd44ea84",
          "isHook": false,
          "skipped": false
        },
        {
          "title": "Test Sauce Demo Invalid Password",
          "fullTitle": "Test Sauce Demo Invalid Password",
          "timedOut": null,
          "duration": 816,
          "state": "passed",
          "speed": "fast",
          "pass": true,
          "fail": false,
          "pending": false,
          "context": null,
          "code": "loginPage.login(URL, 'standard_user', 'invalidPass');\nloginPage.assertLoginFail();",
          "err": {},
          "uuid": "c5770775-2521-40a4-be5b-57c1e5556441",
          "parentUUID": "054f832a-b665-4b95-9db3-e645dd44ea84",
          "isHook": false,
          "skipped": false
        },
        {
          "title": "Test Sauce Demo Sauce labs product backpack",
          "fullTitle": "Test Sauce Demo Sauce labs product backpack",
          "timedOut": null,
          "duration": 5356,
          "state": "failed",
          "speed": null,
          "pass": false,
          "fail": true,
          "pending": false,
          "context": null,
          "code": "loginPage.login(URL, 'standard_user', 'secret_sauce');\nloginPage.assertLogin();\ndashboardPage.sauceLabsBackpack();",
          "err": {
            "message": "AssertionError: Timed out retrying after 4000ms: Expected to find content: '#item_4_title_link' but never did.",
            "estack": "AssertionError: Timed out retrying after 4000ms: Expected to find content: '#item_4_title_link' but never did.\n    at DashboardPage.sauceLabsBackpack (https://www.saucedemo.com/__cypress/tests?p=cypress\\integration\\login.ts:139:12)\n    at Context.eval (https://www.saucedemo.com/__cypress/tests?p=cypress\\integration\\login.ts:115:19)",
            "diff": null
          },
          "uuid": "1700083f-a53b-4711-b611-4f426dd3192b",
          "parentUUID": "054f832a-b665-4b95-9db3-e645dd44ea84",
          "isHook": false,
          "skipped": false
        }
      ],
      "suites": [],
      "passes": [
        "64c55dce-1207-456c-b456-6685d877eafd",
        "c5770775-2521-40a4-be5b-57c1e5556441"
      ],
      "failures": [
        "1700083f-a53b-4711-b611-4f426dd3192b"
      ],
      "pending": [],
      "skipped": [],
      "duration": 7438,
      "root": true,
      "rootEmpty": false,
      "_timeout": 2000
    }
  ],
  "meta": {
    "mocha": {
      "version": "7.0.1"
    },
    "mochawesome": {
      "options": {
        "quiet": false,
        "reportFilename": "mochawesome",
        "saveHtml": false,
        "saveJson": true,
        "consoleReporter": "spec",
        "useInlineDiffs": false,
        "code": true
      },
      "version": "7.1.3"
    },
    "marge": {
      "options": {
        "chart": true,
        "overwrite": false,
        "html": false,
        "json": true,
        "reportDir": "cypress/reports"
      },
      "version": "6.2.0"
    }
  }
}