{
  "stats": {
    "suites": 0,
    "tests": 2,
    "passes": 2,
    "pending": 0,
    "failures": 0,
    "start": "2023-07-06T13:00:40.641Z",
    "end": "2023-07-06T13:00:46.240Z",
    "duration": 5599,
    "testsRegistered": 2,
    "passPercent": 100,
    "pendingPercent": 0,
    "other": 0,
    "hasOther": false,
    "skipped": 0,
    "hasSkipped": false
  },
  "results": [
    {
      "uuid": "37f7453e-da0a-4b74-95c8-27757d96833c",
      "title": "",
      "fullFile": "cypress/integration/addCart.ts",
      "file": "cypress/integration/addCart.ts",
      "beforeHooks": [],
      "afterHooks": [],
      "tests": [
        {
          "title": "Successful Add Product to Cart",
          "fullTitle": "Successful Add Product to Cart",
          "timedOut": null,
          "duration": 2429,
          "state": "passed",
          "speed": "fast",
          "pass": true,
          "fail": false,
          "pending": false,
          "context": null,
          "code": "loginPage.login(URL, 'problem_user', 'secret_sauce');\nloginPage.assertLogin();\ndashboardPage.addToCart();",
          "err": {},
          "uuid": "bccb5545-08de-4f58-9f13-a7c1acfa59bc",
          "parentUUID": "37f7453e-da0a-4b74-95c8-27757d96833c",
          "isHook": false,
          "skipped": false
        },
        {
          "title": "Test Remove Product",
          "fullTitle": "Test Remove Product",
          "timedOut": null,
          "duration": 1034,
          "state": "passed",
          "speed": "fast",
          "pass": true,
          "fail": false,
          "pending": false,
          "context": null,
          "code": "loginPage.login(URL, 'problem_user', 'secret_sauce');\nloginPage.assertLogin();\ndashboardPage.removeCart();",
          "err": {},
          "uuid": "58082e84-d7ad-4e4d-80de-617b3494747c",
          "parentUUID": "37f7453e-da0a-4b74-95c8-27757d96833c",
          "isHook": false,
          "skipped": false
        }
      ],
      "suites": [],
      "passes": [
        "bccb5545-08de-4f58-9f13-a7c1acfa59bc",
        "58082e84-d7ad-4e4d-80de-617b3494747c"
      ],
      "failures": [],
      "pending": [],
      "skipped": [],
      "duration": 3463,
      "root": true,
      "rootEmpty": false,
      "_timeout": 2000
    }
  ],
  "meta": {
    "mocha": {
      "version": "7.0.1"
    },
    "mochawesome": {
      "options": {
        "quiet": false,
        "reportFilename": "mochawesome",
        "saveHtml": false,
        "saveJson": true,
        "consoleReporter": "spec",
        "useInlineDiffs": false,
        "code": true
      },
      "version": "7.1.3"
    },
    "marge": {
      "options": {
        "chart": true,
        "overwrite": false,
        "html": false,
        "json": true,
        "reportDir": "cypress/reports"
      },
      "version": "6.2.0"
    }
  }
}